<?xml version="1.0" encoding="UTF-8"?>
<testsuite name="com.gabsmoliv.shorterurl.integration.tests.web.input.ShorterControllerTest" tests="22" skipped="0" failures="0" errors="0" timestamp="2024-05-26T00:05:11" hostname="pop-os" time="0.996">
  <properties/>
  <testcase name="Should POST a new shortened url with response status 200" classname="com.gabsmoliv.shorterurl.integration.tests.web.input.ShorterControllerTest" time="0.754"/>
  <testcase name="[1] originalUrl=www.google.com, customId=FLTo6OYT" classname="com.gabsmoliv.shorterurl.integration.tests.web.input.ShorterControllerTest" time="0.026"/>
  <testcase name="[2] originalUrl=www.terra.com.br, customId=jCzGbpk0" classname="com.gabsmoliv.shorterurl.integration.tests.web.input.ShorterControllerTest" time="0.01"/>
  <testcase name="[3] originalUrl=www.youtube.com, customId=aBKLlqrb" classname="com.gabsmoliv.shorterurl.integration.tests.web.input.ShorterControllerTest" time="0.01"/>
  <testcase name="[4] originalUrl=www.gmail.com, customId=rQqF8tPg" classname="com.gabsmoliv.shorterurl.integration.tests.web.input.ShorterControllerTest" time="0.009"/>
  <testcase name="[5] originalUrl=www.github.com, customId=Pzvm6NEf" classname="com.gabsmoliv.shorterurl.integration.tests.web.input.ShorterControllerTest" time="0.009"/>
  <testcase name="[6] originalUrl=www.excalidraw.com, customId=1H41COP2" classname="com.gabsmoliv.shorterurl.integration.tests.web.input.ShorterControllerTest" time="0.009"/>
  <testcase name="[7] originalUrl=www.figma.com, customId=h4WVGsYI" classname="com.gabsmoliv.shorterurl.integration.tests.web.input.ShorterControllerTest" time="0.009"/>
  <testcase name="[8] originalUrl=www.linkedin.com, customId=54Lj76WG" classname="com.gabsmoliv.shorterurl.integration.tests.web.input.ShorterControllerTest" time="0.01"/>
  <testcase name="[9] originalUrl=www.instagram.com, customId=kfJko9dL" classname="com.gabsmoliv.shorterurl.integration.tests.web.input.ShorterControllerTest" time="0.009"/>
  <testcase name="[10] originalUrl=www.facebook.com, customId=XsrXt9dZ" classname="com.gabsmoliv.shorterurl.integration.tests.web.input.ShorterControllerTest" time="0.009"/>
  <testcase name="Should POST a new shortened url with custom unique id and response status 200" classname="com.gabsmoliv.shorterurl.integration.tests.web.input.ShorterControllerTest" time="0.008"/>
  <testcase name="[1] originalUrl=www.google.com" classname="com.gabsmoliv.shorterurl.integration.tests.web.input.ShorterControllerTest" time="0.009"/>
  <testcase name="[2] originalUrl=www.terra.com.br" classname="com.gabsmoliv.shorterurl.integration.tests.web.input.ShorterControllerTest" time="0.01"/>
  <testcase name="[3] originalUrl=www.youtube.com" classname="com.gabsmoliv.shorterurl.integration.tests.web.input.ShorterControllerTest" time="0.009"/>
  <testcase name="[4] originalUrl=www.gmail.com" classname="com.gabsmoliv.shorterurl.integration.tests.web.input.ShorterControllerTest" time="0.009"/>
  <testcase name="[5] originalUrl=www.github.com" classname="com.gabsmoliv.shorterurl.integration.tests.web.input.ShorterControllerTest" time="0.01"/>
  <testcase name="[6] originalUrl=www.excalidraw.com" classname="com.gabsmoliv.shorterurl.integration.tests.web.input.ShorterControllerTest" time="0.008"/>
  <testcase name="[7] originalUrl=www.figma.com" classname="com.gabsmoliv.shorterurl.integration.tests.web.input.ShorterControllerTest" time="0.009"/>
  <testcase name="[8] originalUrl=www.linkedin.com" classname="com.gabsmoliv.shorterurl.integration.tests.web.input.ShorterControllerTest" time="0.009"/>
  <testcase name="[9] originalUrl=www.instagram.com" classname="com.gabsmoliv.shorterurl.integration.tests.web.input.ShorterControllerTest" time="0.008"/>
  <testcase name="[10] originalUrl=www.facebook.com" classname="com.gabsmoliv.shorterurl.integration.tests.web.input.ShorterControllerTest" time="0.008"/>
  <system-out><![CDATA[21:05:05.098 [Test worker] INFO org.springframework.test.context.support.AnnotationConfigContextLoaderUtils -- Could not detect default configuration classes for test class [com.gabsmoliv.shorterurl.integration.tests.web.input.ShorterControllerTest]: ShorterControllerTest does not declare any static, non-private, non-final, nested classes annotated with @Configuration.
21:05:05.182 [Test worker] INFO org.springframework.boot.test.context.SpringBootTestContextBootstrapper -- Found @SpringBootConfiguration com.gabsmoliv.shorterurl.ShorterUrlApplication for test class com.gabsmoliv.shorterurl.integration.tests.web.input.ShorterControllerTest
21:05:05.248 [Test worker] INFO org.testcontainers.images.PullPolicy -- Image pull policy will be performed by: DefaultPullPolicy()
21:05:05.249 [Test worker] INFO org.testcontainers.utility.ImageNameSubstitutor -- Image name substitution will be performed by: DefaultImageNameSubstitutor (composite of 'ConfigurationFileImageNameSubstitutor' and 'PrefixingImageNameSubstitutor')
21:05:05.312 [Test worker] INFO org.testcontainers.dockerclient.DockerClientProviderStrategy -- Loaded org.testcontainers.dockerclient.UnixSocketClientProviderStrategy from ~/.testcontainers.properties, will try it first
21:05:05.465 [Test worker] INFO org.testcontainers.dockerclient.DockerClientProviderStrategy -- Found Docker environment with local Unix socket (unix:///var/run/docker.sock)
21:05:05.466 [Test worker] INFO org.testcontainers.DockerClientFactory -- Docker host IP address is localhost
21:05:05.477 [Test worker] INFO org.testcontainers.DockerClientFactory -- Connected to docker: 
  Server Version: 26.1.3
  API Version: 1.45
  Operating System: Pop!_OS 22.04 LTS
  Total Memory: 15885 MB
21:05:05.502 [Test worker] INFO tc.testcontainers/ryuk:0.6.0 -- Creating container for image: testcontainers/ryuk:0.6.0
21:05:05.505 [Test worker] INFO org.testcontainers.utility.RegistryAuthLocator -- Failure when attempting to lookup auth config. Please ignore if you don't have images in an authenticated registry. Details: (dockerImageName: testcontainers/ryuk:0.6.0, configFile: /home/gmoreira/.docker/config.json, configEnv: DOCKER_AUTH_CONFIG). Falling back to docker-java default behaviour. Exception message: Status 404: No config supplied. Checked in order: /home/gmoreira/.docker/config.json (file not found), DOCKER_AUTH_CONFIG (not set)
21:05:05.611 [Test worker] INFO tc.testcontainers/ryuk:0.6.0 -- Container testcontainers/ryuk:0.6.0 is starting: ec77793674e9d34d210a9f499d638770b63fff490cf2293461c8853e81be5cc7
21:05:06.255 [Test worker] INFO tc.testcontainers/ryuk:0.6.0 -- Container testcontainers/ryuk:0.6.0 started in PT0.752690713S
21:05:06.258 [Test worker] INFO org.testcontainers.utility.RyukResourceReaper -- Ryuk started - will monitor and terminate Testcontainers containers on JVM exit
21:05:06.258 [Test worker] INFO org.testcontainers.DockerClientFactory -- Checking the system...
21:05:06.258 [Test worker] INFO org.testcontainers.DockerClientFactory -- ✔︎ Docker server version should be at least 1.6.0
21:05:06.259 [Test worker] INFO tc.mongo:4.0.10 -- Creating container for image: mongo:4.0.10
21:05:06.259 [Test worker] WARN tc.mongo:4.0.10 -- Reuse was requested but the environment does not support the reuse of containers
To enable reuse of containers, you must set 'testcontainers.reuse.enable=true' in a file located at /home/gmoreira/.testcontainers.properties
21:05:06.420 [Test worker] INFO tc.mongo:4.0.10 -- Container mongo:4.0.10 is starting: 081b91b70db6abb3c4258cc3ee01c1dbff7b43d0e83c5fe0ff1ea4ee7ce9da62
21:05:06.995 [Test worker] INFO tc.mongo:4.0.10 -- Container mongo:4.0.10 started in PT0.736166359S
21:05:09.281 [Test worker] INFO tc.redis:6.2.6 -- Creating container for image: redis:6.2.6
21:05:09.282 [Test worker] WARN tc.redis:6.2.6 -- Reuse was requested but the environment does not support the reuse of containers
To enable reuse of containers, you must set 'testcontainers.reuse.enable=true' in a file located at /home/gmoreira/.testcontainers.properties
21:05:09.328 [Test worker] INFO tc.redis:6.2.6 -- Container redis:6.2.6 is starting: fc72afa2476837a216346d1a07724745fb92c996a61ec251080f72f64eca4e96
21:05:09.600 [Test worker] INFO tc.redis:6.2.6 -- Container redis:6.2.6 started in PT0.319192351S

  .   ____          _            __ _ _
 /\\ / ___'_ __ _ _(_)_ __  __ _ \ \ \ \
( ( )\___ | '_ | '_| | '_ \/ _` | \ \ \ \
 \\/  ___)| |_)| | | | | || (_| |  ) ) ) )
  '  |____| .__|_| |_|_| |_\__, | / / / /
 =========|_|==============|___/=/_/_/_/
 :: Spring Boot ::                (v3.2.5)

2024-05-25T21:05:09.836-03:00  INFO 133645 --- [shorter-url] [    Test worker] c.g.s.i.t.w.input.ShorterControllerTest  : Starting ShorterControllerTest using Java 17.0.10 with PID 133645 (started by gmoreira in /home/gmoreira/IdeaProjects/encurtador-url)
2024-05-25T21:05:09.837-03:00  INFO 133645 --- [shorter-url] [    Test worker] c.g.s.i.t.w.input.ShorterControllerTest  : The following 1 profile is active: "test"
2024-05-25T21:05:10.113-03:00  INFO 133645 --- [shorter-url] [    Test worker] .s.d.r.c.RepositoryConfigurationDelegate : Multiple Spring Data modules found, entering strict repository configuration mode
2024-05-25T21:05:10.113-03:00  INFO 133645 --- [shorter-url] [    Test worker] .s.d.r.c.RepositoryConfigurationDelegate : Bootstrapping Spring Data MongoDB repositories in DEFAULT mode.
2024-05-25T21:05:10.138-03:00  INFO 133645 --- [shorter-url] [    Test worker] .s.d.r.c.RepositoryConfigurationDelegate : Finished Spring Data repository scanning in 22 ms. Found 1 MongoDB repository interface.
2024-05-25T21:05:10.373-03:00  INFO 133645 --- [shorter-url] [    Test worker] o.s.cloud.context.scope.GenericScope     : BeanFactory id=fdc6d0f2-e75c-3c81-b41d-9316111141b8
2024-05-25T21:05:10.527-03:00  INFO 133645 --- [shorter-url] [    Test worker] o.s.b.w.embedded.tomcat.TomcatWebServer  : Tomcat initialized with port 0 (http)
2024-05-25T21:05:10.534-03:00  INFO 133645 --- [shorter-url] [    Test worker] o.apache.catalina.core.StandardService   : Starting service [Tomcat]
2024-05-25T21:05:10.535-03:00  INFO 133645 --- [shorter-url] [    Test worker] o.apache.catalina.core.StandardEngine    : Starting Servlet engine: [Apache Tomcat/10.1.20]
2024-05-25T21:05:10.577-03:00  INFO 133645 --- [shorter-url] [    Test worker] o.a.c.c.C.[Tomcat].[localhost].[/]       : Initializing Spring embedded WebApplicationContext
2024-05-25T21:05:10.578-03:00  INFO 133645 --- [shorter-url] [    Test worker] w.s.c.ServletWebServerApplicationContext : Root WebApplicationContext: initialization completed in 730 ms
2024-05-25T21:05:10.679-03:00  INFO 133645 --- [shorter-url] [    Test worker] org.mongodb.driver.cluster               : Cluster created with settings {hosts=[127.0.0.1:27017], mode=SINGLE, requiredClusterType=UNKNOWN, serverSelectionTimeout='30000 ms', maxWaitQueueSize=500}
2024-05-25T21:05:10.707-03:00  INFO 133645 --- [shorter-url] [127.0.0.1:27017] org.mongodb.driver.connection            : Opened connection [connectionId{localValue:1, serverValue:53}] to 127.0.0.1:27017
2024-05-25T21:05:10.711-03:00  INFO 133645 --- [shorter-url] [127.0.0.1:27017] org.mongodb.driver.cluster               : Monitor thread successfully connected to server with description ServerDescription{address=127.0.0.1:27017, type=STANDALONE, state=CONNECTED, ok=true, version=ServerVersion{versionList=[7, 0, 9]}, minWireVersion=0, maxWireVersion=21, maxDocumentSize=16777216, logicalSessionTimeoutMinutes=30, roundTripTimeNanos=2160961}
2024-05-25T21:05:11.311-03:00  INFO 133645 --- [shorter-url] [    Test worker] o.s.b.w.embedded.tomcat.TomcatWebServer  : Tomcat started on port 46277 (http) with context path ''
2024-05-25T21:05:11.365-03:00  INFO 133645 --- [shorter-url] [    Test worker] c.g.s.i.t.w.input.ShorterControllerTest  : Started ShorterControllerTest in 1.743 seconds (process running for 6.782)
2024-05-25T21:05:11.863-03:00  INFO 133645 --- [shorter-url] [    Test worker] o.s.c.openfeign.FeignClientFactoryBean   : For 'Redirects' URL not provided. Will try picking an instance via load-balancing.
2024-05-25T21:05:11.964-03:00  INFO 133645 --- [shorter-url] [o-auto-1-exec-1] o.a.c.c.C.[Tomcat].[localhost].[/]       : Initializing Spring DispatcherServlet 'dispatcherServlet'
2024-05-25T21:05:11.964-03:00  INFO 133645 --- [shorter-url] [o-auto-1-exec-1] o.s.web.servlet.DispatcherServlet        : Initializing Servlet 'dispatcherServlet'
2024-05-25T21:05:11.965-03:00  INFO 133645 --- [shorter-url] [o-auto-1-exec-1] o.s.web.servlet.DispatcherServlet        : Completed initialization in 0 ms
2024-05-25T21:05:12.011-03:00  INFO 133645 --- [shorter-url] [o-auto-1-exec-1] c.g.s.a.i.w.c.ShorterController          : Upcoming request to shorter url: www.google.com
2024-05-25T21:05:12.079-03:00  INFO 133645 --- [shorter-url] [o-auto-1-exec-1] org.mongodb.driver.connection            : Opened connection [connectionId{localValue:2, serverValue:54}] to 127.0.0.1:27017
2024-05-25T21:05:12.087-03:00  INFO 133645 --- [shorter-url] [o-auto-1-exec-1] .a.o.m.ShortenedUrlRepositoryPortService : Save entity it success com.gabsmoliv.shorterurl.adapter.output.mongodb.entities.UrlEntity@26041d6f
2024-05-25T21:05:12.087-03:00  INFO 133645 --- [shorter-url] [o-auto-1-exec-1] c.g.s.a.output.kafka.KafkaClientService  : Starting to sent a event to kafka with com.gabsmoliv.shorterurl.domain.Url@2ee66d35
2024-05-25T21:05:12.087-03:00  INFO 133645 --- [shorter-url] [o-auto-1-exec-1] c.g.s.a.a.in.shorter.ShorterUrlService   : Successfully created a new url with com.gabsmoliv.shorterurl.domain.Url@2ee66d35
2024-05-25T21:05:12.088-03:00  INFO 133645 --- [shorter-url] [o-auto-1-exec-1] c.g.s.a.i.w.c.ShorterController          : Request finished with shortened www.google.com and shorter url as GSIJ220
2024-05-25T21:05:12.156-03:00  INFO 133645 --- [shorter-url] [o-auto-1-exec-2] c.g.s.a.i.w.c.ShorterController          : Upcoming request to shorter url: www.google.com
2024-05-25T21:05:12.160-03:00  INFO 133645 --- [shorter-url] [o-auto-1-exec-2] .a.o.m.ShortenedUrlRepositoryPortService : Save entity it success com.gabsmoliv.shorterurl.adapter.output.mongodb.entities.UrlEntity@532ea7bf
2024-05-25T21:05:12.160-03:00  INFO 133645 --- [shorter-url] [o-auto-1-exec-2] c.g.s.a.output.kafka.KafkaClientService  : Starting to sent a event to kafka with com.gabsmoliv.shorterurl.domain.Url@6dc74a84
2024-05-25T21:05:12.160-03:00  INFO 133645 --- [shorter-url] [o-auto-1-exec-2] c.g.s.a.a.in.shorter.ShorterUrlService   : Successfully created a new url with com.gabsmoliv.shorterurl.domain.Url@6dc74a84
2024-05-25T21:05:12.160-03:00  INFO 133645 --- [shorter-url] [o-auto-1-exec-2] c.g.s.a.i.w.c.ShorterController          : Request finished with shortened www.google.com and shorter url as FLTo6OYT
2024-05-25T21:05:12.170-03:00  INFO 133645 --- [shorter-url] [o-auto-1-exec-3] c.g.s.a.i.w.c.ShorterController          : Upcoming request to shorter url: www.terra.com.br
2024-05-25T21:05:12.172-03:00  INFO 133645 --- [shorter-url] [o-auto-1-exec-3] .a.o.m.ShortenedUrlRepositoryPortService : Save entity it success com.gabsmoliv.shorterurl.adapter.output.mongodb.entities.UrlEntity@430b1dcc
2024-05-25T21:05:12.172-03:00  INFO 133645 --- [shorter-url] [o-auto-1-exec-3] c.g.s.a.output.kafka.KafkaClientService  : Starting to sent a event to kafka with com.gabsmoliv.shorterurl.domain.Url@4dccfbdd
2024-05-25T21:05:12.173-03:00  INFO 133645 --- [shorter-url] [o-auto-1-exec-3] c.g.s.a.a.in.shorter.ShorterUrlService   : Successfully created a new url with com.gabsmoliv.shorterurl.domain.Url@4dccfbdd
2024-05-25T21:05:12.173-03:00  INFO 133645 --- [shorter-url] [o-auto-1-exec-3] c.g.s.a.i.w.c.ShorterController          : Request finished with shortened www.terra.com.br and shorter url as jCzGbpk0
2024-05-25T21:05:12.181-03:00  INFO 133645 --- [shorter-url] [o-auto-1-exec-4] c.g.s.a.i.w.c.ShorterController          : Upcoming request to shorter url: www.youtube.com
2024-05-25T21:05:12.183-03:00  INFO 133645 --- [shorter-url] [o-auto-1-exec-4] .a.o.m.ShortenedUrlRepositoryPortService : Save entity it success com.gabsmoliv.shorterurl.adapter.output.mongodb.entities.UrlEntity@f1b4aea
2024-05-25T21:05:12.183-03:00  INFO 133645 --- [shorter-url] [o-auto-1-exec-4] c.g.s.a.output.kafka.KafkaClientService  : Starting to sent a event to kafka with com.gabsmoliv.shorterurl.domain.Url@1dca579
2024-05-25T21:05:12.183-03:00  INFO 133645 --- [shorter-url] [o-auto-1-exec-4] c.g.s.a.a.in.shorter.ShorterUrlService   : Successfully created a new url with com.gabsmoliv.shorterurl.domain.Url@1dca579
2024-05-25T21:05:12.183-03:00  INFO 133645 --- [shorter-url] [o-auto-1-exec-4] c.g.s.a.i.w.c.ShorterController          : Request finished with shortened www.youtube.com and shorter url as aBKLlqrb
2024-05-25T21:05:12.192-03:00  INFO 133645 --- [shorter-url] [o-auto-1-exec-5] c.g.s.a.i.w.c.ShorterController          : Upcoming request to shorter url: www.gmail.com
2024-05-25T21:05:12.194-03:00  INFO 133645 --- [shorter-url] [o-auto-1-exec-5] .a.o.m.ShortenedUrlRepositoryPortService : Save entity it success com.gabsmoliv.shorterurl.adapter.output.mongodb.entities.UrlEntity@483bc36a
2024-05-25T21:05:12.194-03:00  INFO 133645 --- [shorter-url] [o-auto-1-exec-5] c.g.s.a.output.kafka.KafkaClientService  : Starting to sent a event to kafka with com.gabsmoliv.shorterurl.domain.Url@46fc341d
2024-05-25T21:05:12.194-03:00  INFO 133645 --- [shorter-url] [o-auto-1-exec-5] c.g.s.a.a.in.shorter.ShorterUrlService   : Successfully created a new url with com.gabsmoliv.shorterurl.domain.Url@46fc341d
2024-05-25T21:05:12.194-03:00  INFO 133645 --- [shorter-url] [o-auto-1-exec-5] c.g.s.a.i.w.c.ShorterController          : Request finished with shortened www.gmail.com and shorter url as rQqF8tPg
2024-05-25T21:05:12.202-03:00  INFO 133645 --- [shorter-url] [o-auto-1-exec-6] c.g.s.a.i.w.c.ShorterController          : Upcoming request to shorter url: www.github.com
2024-05-25T21:05:12.204-03:00  INFO 133645 --- [shorter-url] [o-auto-1-exec-6] .a.o.m.ShortenedUrlRepositoryPortService : Save entity it success com.gabsmoliv.shorterurl.adapter.output.mongodb.entities.UrlEntity@6677715c
2024-05-25T21:05:12.204-03:00  INFO 133645 --- [shorter-url] [o-auto-1-exec-6] c.g.s.a.output.kafka.KafkaClientService  : Starting to sent a event to kafka with com.gabsmoliv.shorterurl.domain.Url@68b083e2
2024-05-25T21:05:12.204-03:00  INFO 133645 --- [shorter-url] [o-auto-1-exec-6] c.g.s.a.a.in.shorter.ShorterUrlService   : Successfully created a new url with com.gabsmoliv.shorterurl.domain.Url@68b083e2
2024-05-25T21:05:12.204-03:00  INFO 133645 --- [shorter-url] [o-auto-1-exec-6] c.g.s.a.i.w.c.ShorterController          : Request finished with shortened www.github.com and shorter url as Pzvm6NEf
2024-05-25T21:05:12.212-03:00  INFO 133645 --- [shorter-url] [o-auto-1-exec-7] c.g.s.a.i.w.c.ShorterController          : Upcoming request to shorter url: www.excalidraw.com
2024-05-25T21:05:12.213-03:00  INFO 133645 --- [shorter-url] [o-auto-1-exec-7] .a.o.m.ShortenedUrlRepositoryPortService : Save entity it success com.gabsmoliv.shorterurl.adapter.output.mongodb.entities.UrlEntity@15561824
2024-05-25T21:05:12.213-03:00  INFO 133645 --- [shorter-url] [o-auto-1-exec-7] c.g.s.a.output.kafka.KafkaClientService  : Starting to sent a event to kafka with com.gabsmoliv.shorterurl.domain.Url@1b91e4fe
2024-05-25T21:05:12.214-03:00  INFO 133645 --- [shorter-url] [o-auto-1-exec-7] c.g.s.a.a.in.shorter.ShorterUrlService   : Successfully created a new url with com.gabsmoliv.shorterurl.domain.Url@1b91e4fe
2024-05-25T21:05:12.214-03:00  INFO 133645 --- [shorter-url] [o-auto-1-exec-7] c.g.s.a.i.w.c.ShorterController          : Request finished with shortened www.excalidraw.com and shorter url as 1H41COP2
2024-05-25T21:05:12.221-03:00  INFO 133645 --- [shorter-url] [o-auto-1-exec-8] c.g.s.a.i.w.c.ShorterController          : Upcoming request to shorter url: www.figma.com
2024-05-25T21:05:12.223-03:00  INFO 133645 --- [shorter-url] [o-auto-1-exec-8] .a.o.m.ShortenedUrlRepositoryPortService : Save entity it success com.gabsmoliv.shorterurl.adapter.output.mongodb.entities.UrlEntity@69efb02c
2024-05-25T21:05:12.223-03:00  INFO 133645 --- [shorter-url] [o-auto-1-exec-8] c.g.s.a.output.kafka.KafkaClientService  : Starting to sent a event to kafka with com.gabsmoliv.shorterurl.domain.Url@67284361
2024-05-25T21:05:12.223-03:00  INFO 133645 --- [shorter-url] [o-auto-1-exec-8] c.g.s.a.a.in.shorter.ShorterUrlService   : Successfully created a new url with com.gabsmoliv.shorterurl.domain.Url@67284361
2024-05-25T21:05:12.223-03:00  INFO 133645 --- [shorter-url] [o-auto-1-exec-8] c.g.s.a.i.w.c.ShorterController          : Request finished with shortened www.figma.com and shorter url as h4WVGsYI
2024-05-25T21:05:12.232-03:00  INFO 133645 --- [shorter-url] [o-auto-1-exec-9] c.g.s.a.i.w.c.ShorterController          : Upcoming request to shorter url: www.linkedin.com
2024-05-25T21:05:12.234-03:00  INFO 133645 --- [shorter-url] [o-auto-1-exec-9] .a.o.m.ShortenedUrlRepositoryPortService : Save entity it success com.gabsmoliv.shorterurl.adapter.output.mongodb.entities.UrlEntity@7aa0e565
2024-05-25T21:05:12.234-03:00  INFO 133645 --- [shorter-url] [o-auto-1-exec-9] c.g.s.a.output.kafka.KafkaClientService  : Starting to sent a event to kafka with com.gabsmoliv.shorterurl.domain.Url@74670441
2024-05-25T21:05:12.234-03:00  INFO 133645 --- [shorter-url] [o-auto-1-exec-9] c.g.s.a.a.in.shorter.ShorterUrlService   : Successfully created a new url with com.gabsmoliv.shorterurl.domain.Url@74670441
2024-05-25T21:05:12.234-03:00  INFO 133645 --- [shorter-url] [o-auto-1-exec-9] c.g.s.a.i.w.c.ShorterController          : Request finished with shortened www.linkedin.com and shorter url as 54Lj76WG
2024-05-25T21:05:12.243-03:00  INFO 133645 --- [shorter-url] [-auto-1-exec-10] c.g.s.a.i.w.c.ShorterController          : Upcoming request to shorter url: www.instagram.com
2024-05-25T21:05:12.245-03:00  INFO 133645 --- [shorter-url] [-auto-1-exec-10] .a.o.m.ShortenedUrlRepositoryPortService : Save entity it success com.gabsmoliv.shorterurl.adapter.output.mongodb.entities.UrlEntity@35c68455
2024-05-25T21:05:12.245-03:00  INFO 133645 --- [shorter-url] [-auto-1-exec-10] c.g.s.a.output.kafka.KafkaClientService  : Starting to sent a event to kafka with com.gabsmoliv.shorterurl.domain.Url@3b016c9d
2024-05-25T21:05:12.245-03:00  INFO 133645 --- [shorter-url] [-auto-1-exec-10] c.g.s.a.a.in.shorter.ShorterUrlService   : Successfully created a new url with com.gabsmoliv.shorterurl.domain.Url@3b016c9d
2024-05-25T21:05:12.245-03:00  INFO 133645 --- [shorter-url] [-auto-1-exec-10] c.g.s.a.i.w.c.ShorterController          : Request finished with shortened www.instagram.com and shorter url as kfJko9dL
2024-05-25T21:05:12.253-03:00  INFO 133645 --- [shorter-url] [o-auto-1-exec-1] c.g.s.a.i.w.c.ShorterController          : Upcoming request to shorter url: www.facebook.com
2024-05-25T21:05:12.255-03:00  INFO 133645 --- [shorter-url] [o-auto-1-exec-1] .a.o.m.ShortenedUrlRepositoryPortService : Save entity it success com.gabsmoliv.shorterurl.adapter.output.mongodb.entities.UrlEntity@345c2682
2024-05-25T21:05:12.255-03:00  INFO 133645 --- [shorter-url] [o-auto-1-exec-1] c.g.s.a.output.kafka.KafkaClientService  : Starting to sent a event to kafka with com.gabsmoliv.shorterurl.domain.Url@4b4f0b84
2024-05-25T21:05:12.255-03:00  INFO 133645 --- [shorter-url] [o-auto-1-exec-1] c.g.s.a.a.in.shorter.ShorterUrlService   : Successfully created a new url with com.gabsmoliv.shorterurl.domain.Url@4b4f0b84
2024-05-25T21:05:12.255-03:00  INFO 133645 --- [shorter-url] [o-auto-1-exec-1] c.g.s.a.i.w.c.ShorterController          : Request finished with shortened www.facebook.com and shorter url as XsrXt9dZ
2024-05-25T21:05:12.263-03:00  INFO 133645 --- [shorter-url] [o-auto-1-exec-2] c.g.s.a.i.w.c.ShorterController          : Upcoming request to shorter url: www.google.com
2024-05-25T21:05:12.265-03:00  INFO 133645 --- [shorter-url] [o-auto-1-exec-2] .a.o.m.ShortenedUrlRepositoryPortService : Save entity it success com.gabsmoliv.shorterurl.adapter.output.mongodb.entities.UrlEntity@6237b535
2024-05-25T21:05:12.265-03:00  INFO 133645 --- [shorter-url] [o-auto-1-exec-2] c.g.s.a.output.kafka.KafkaClientService  : Starting to sent a event to kafka with com.gabsmoliv.shorterurl.domain.Url@153406b6
2024-05-25T21:05:12.265-03:00  INFO 133645 --- [shorter-url] [o-auto-1-exec-2] c.g.s.a.a.in.shorter.ShorterUrlService   : Successfully created a new url with com.gabsmoliv.shorterurl.domain.Url@153406b6
2024-05-25T21:05:12.265-03:00  INFO 133645 --- [shorter-url] [o-auto-1-exec-2] c.g.s.a.i.w.c.ShorterController          : Request finished with shortened www.google.com and shorter url as X8mV19Fx
2024-05-25T21:05:12.274-03:00  INFO 133645 --- [shorter-url] [o-auto-1-exec-3] c.g.s.a.i.w.c.ShorterController          : Upcoming request to shorter url: www.google.com
2024-05-25T21:05:12.276-03:00  INFO 133645 --- [shorter-url] [o-auto-1-exec-3] .a.o.m.ShortenedUrlRepositoryPortService : Save entity it success com.gabsmoliv.shorterurl.adapter.output.mongodb.entities.UrlEntity@49f376bc
2024-05-25T21:05:12.276-03:00  INFO 133645 --- [shorter-url] [o-auto-1-exec-3] c.g.s.a.output.kafka.KafkaClientService  : Starting to sent a event to kafka with com.gabsmoliv.shorterurl.domain.Url@cf1f1e6
2024-05-25T21:05:12.276-03:00  INFO 133645 --- [shorter-url] [o-auto-1-exec-3] c.g.s.a.a.in.shorter.ShorterUrlService   : Successfully created a new url with com.gabsmoliv.shorterurl.domain.Url@cf1f1e6
2024-05-25T21:05:12.276-03:00  INFO 133645 --- [shorter-url] [o-auto-1-exec-3] c.g.s.a.i.w.c.ShorterController          : Request finished with shortened www.google.com and shorter url as I9EVgi7
2024-05-25T21:05:12.284-03:00  INFO 133645 --- [shorter-url] [o-auto-1-exec-4] c.g.s.a.i.w.c.ShorterController          : Upcoming request to shorter url: www.terra.com.br
2024-05-25T21:05:12.286-03:00  INFO 133645 --- [shorter-url] [o-auto-1-exec-4] .a.o.m.ShortenedUrlRepositoryPortService : Save entity it success com.gabsmoliv.shorterurl.adapter.output.mongodb.entities.UrlEntity@5e3219a
2024-05-25T21:05:12.286-03:00  INFO 133645 --- [shorter-url] [o-auto-1-exec-4] c.g.s.a.output.kafka.KafkaClientService  : Starting to sent a event to kafka with com.gabsmoliv.shorterurl.domain.Url@40e1af42
2024-05-25T21:05:12.286-03:00  INFO 133645 --- [shorter-url] [o-auto-1-exec-4] c.g.s.a.a.in.shorter.ShorterUrlService   : Successfully created a new url with com.gabsmoliv.shorterurl.domain.Url@40e1af42
2024-05-25T21:05:12.286-03:00  INFO 133645 --- [shorter-url] [o-auto-1-exec-4] c.g.s.a.i.w.c.ShorterController          : Request finished with shortened www.terra.com.br and shorter url as einEwy7
2024-05-25T21:05:12.294-03:00  INFO 133645 --- [shorter-url] [o-auto-1-exec-5] c.g.s.a.i.w.c.ShorterController          : Upcoming request to shorter url: www.youtube.com
2024-05-25T21:05:12.296-03:00  INFO 133645 --- [shorter-url] [o-auto-1-exec-5] .a.o.m.ShortenedUrlRepositoryPortService : Save entity it success com.gabsmoliv.shorterurl.adapter.output.mongodb.entities.UrlEntity@42c3a81a
2024-05-25T21:05:12.296-03:00  INFO 133645 --- [shorter-url] [o-auto-1-exec-5] c.g.s.a.output.kafka.KafkaClientService  : Starting to sent a event to kafka with com.gabsmoliv.shorterurl.domain.Url@7c13e26
2024-05-25T21:05:12.296-03:00  INFO 133645 --- [shorter-url] [o-auto-1-exec-5] c.g.s.a.a.in.shorter.ShorterUrlService   : Successfully created a new url with com.gabsmoliv.shorterurl.domain.Url@7c13e26
2024-05-25T21:05:12.296-03:00  INFO 133645 --- [shorter-url] [o-auto-1-exec-5] c.g.s.a.i.w.c.ShorterController          : Request finished with shortened www.youtube.com and shorter url as PqoNvFQ
2024-05-25T21:05:12.305-03:00  INFO 133645 --- [shorter-url] [o-auto-1-exec-6] c.g.s.a.i.w.c.ShorterController          : Upcoming request to shorter url: www.gmail.com
2024-05-25T21:05:12.307-03:00  INFO 133645 --- [shorter-url] [o-auto-1-exec-6] .a.o.m.ShortenedUrlRepositoryPortService : Save entity it success com.gabsmoliv.shorterurl.adapter.output.mongodb.entities.UrlEntity@17a08939
2024-05-25T21:05:12.307-03:00  INFO 133645 --- [shorter-url] [o-auto-1-exec-6] c.g.s.a.output.kafka.KafkaClientService  : Starting to sent a event to kafka with com.gabsmoliv.shorterurl.domain.Url@4dec4b9d
2024-05-25T21:05:12.307-03:00  INFO 133645 --- [shorter-url] [o-auto-1-exec-6] c.g.s.a.a.in.shorter.ShorterUrlService   : Successfully created a new url with com.gabsmoliv.shorterurl.domain.Url@4dec4b9d
2024-05-25T21:05:12.307-03:00  INFO 133645 --- [shorter-url] [o-auto-1-exec-6] c.g.s.a.i.w.c.ShorterController          : Request finished with shortened www.gmail.com and shorter url as Bdt6jky
2024-05-25T21:05:12.315-03:00  INFO 133645 --- [shorter-url] [o-auto-1-exec-7] c.g.s.a.i.w.c.ShorterController          : Upcoming request to shorter url: www.github.com
2024-05-25T21:05:12.317-03:00  INFO 133645 --- [shorter-url] [o-auto-1-exec-7] .a.o.m.ShortenedUrlRepositoryPortService : Save entity it success com.gabsmoliv.shorterurl.adapter.output.mongodb.entities.UrlEntity@1fae7354
2024-05-25T21:05:12.317-03:00  INFO 133645 --- [shorter-url] [o-auto-1-exec-7] c.g.s.a.output.kafka.KafkaClientService  : Starting to sent a event to kafka with com.gabsmoliv.shorterurl.domain.Url@5aaceec5
2024-05-25T21:05:12.318-03:00  INFO 133645 --- [shorter-url] [o-auto-1-exec-7] c.g.s.a.a.in.shorter.ShorterUrlService   : Successfully created a new url with com.gabsmoliv.shorterurl.domain.Url@5aaceec5
2024-05-25T21:05:12.318-03:00  INFO 133645 --- [shorter-url] [o-auto-1-exec-7] c.g.s.a.i.w.c.ShorterController          : Request finished with shortened www.github.com and shorter url as vT3H8Pd
2024-05-25T21:05:12.325-03:00  INFO 133645 --- [shorter-url] [o-auto-1-exec-8] c.g.s.a.i.w.c.ShorterController          : Upcoming request to shorter url: www.excalidraw.com
2024-05-25T21:05:12.327-03:00  INFO 133645 --- [shorter-url] [o-auto-1-exec-8] .a.o.m.ShortenedUrlRepositoryPortService : Save entity it success com.gabsmoliv.shorterurl.adapter.output.mongodb.entities.UrlEntity@6317db5c
2024-05-25T21:05:12.327-03:00  INFO 133645 --- [shorter-url] [o-auto-1-exec-8] c.g.s.a.output.kafka.KafkaClientService  : Starting to sent a event to kafka with com.gabsmoliv.shorterurl.domain.Url@2615495a
2024-05-25T21:05:12.327-03:00  INFO 133645 --- [shorter-url] [o-auto-1-exec-8] c.g.s.a.a.in.shorter.ShorterUrlService   : Successfully created a new url with com.gabsmoliv.shorterurl.domain.Url@2615495a
2024-05-25T21:05:12.327-03:00  INFO 133645 --- [shorter-url] [o-auto-1-exec-8] c.g.s.a.i.w.c.ShorterController          : Request finished with shortened www.excalidraw.com and shorter url as FvaWTKZ
2024-05-25T21:05:12.334-03:00  INFO 133645 --- [shorter-url] [o-auto-1-exec-9] c.g.s.a.i.w.c.ShorterController          : Upcoming request to shorter url: www.figma.com
2024-05-25T21:05:12.336-03:00  INFO 133645 --- [shorter-url] [o-auto-1-exec-9] .a.o.m.ShortenedUrlRepositoryPortService : Save entity it success com.gabsmoliv.shorterurl.adapter.output.mongodb.entities.UrlEntity@70588e15
2024-05-25T21:05:12.337-03:00  INFO 133645 --- [shorter-url] [o-auto-1-exec-9] c.g.s.a.output.kafka.KafkaClientService  : Starting to sent a event to kafka with com.gabsmoliv.shorterurl.domain.Url@355a0e7a
2024-05-25T21:05:12.337-03:00  INFO 133645 --- [shorter-url] [o-auto-1-exec-9] c.g.s.a.a.in.shorter.ShorterUrlService   : Successfully created a new url with com.gabsmoliv.shorterurl.domain.Url@355a0e7a
2024-05-25T21:05:12.337-03:00  INFO 133645 --- [shorter-url] [o-auto-1-exec-9] c.g.s.a.i.w.c.ShorterController          : Request finished with shortened www.figma.com and shorter url as l0cDQNt
2024-05-25T21:05:12.344-03:00  INFO 133645 --- [shorter-url] [-auto-1-exec-10] c.g.s.a.i.w.c.ShorterController          : Upcoming request to shorter url: www.linkedin.com
2024-05-25T21:05:12.346-03:00  INFO 133645 --- [shorter-url] [-auto-1-exec-10] .a.o.m.ShortenedUrlRepositoryPortService : Save entity it success com.gabsmoliv.shorterurl.adapter.output.mongodb.entities.UrlEntity@3f3eef25
2024-05-25T21:05:12.347-03:00  INFO 133645 --- [shorter-url] [-auto-1-exec-10] c.g.s.a.output.kafka.KafkaClientService  : Starting to sent a event to kafka with com.gabsmoliv.shorterurl.domain.Url@7a3c66a6
2024-05-25T21:05:12.347-03:00  INFO 133645 --- [shorter-url] [-auto-1-exec-10] c.g.s.a.a.in.shorter.ShorterUrlService   : Successfully created a new url with com.gabsmoliv.shorterurl.domain.Url@7a3c66a6
2024-05-25T21:05:12.347-03:00  INFO 133645 --- [shorter-url] [-auto-1-exec-10] c.g.s.a.i.w.c.ShorterController          : Request finished with shortened www.linkedin.com and shorter url as q7Vt1Mr
2024-05-25T21:05:12.354-03:00  INFO 133645 --- [shorter-url] [o-auto-1-exec-1] c.g.s.a.i.w.c.ShorterController          : Upcoming request to shorter url: www.instagram.com
2024-05-25T21:05:12.356-03:00  INFO 133645 --- [shorter-url] [o-auto-1-exec-1] .a.o.m.ShortenedUrlRepositoryPortService : Save entity it success com.gabsmoliv.shorterurl.adapter.output.mongodb.entities.UrlEntity@3631a974
2024-05-25T21:05:12.356-03:00  INFO 133645 --- [shorter-url] [o-auto-1-exec-1] c.g.s.a.output.kafka.KafkaClientService  : Starting to sent a event to kafka with com.gabsmoliv.shorterurl.domain.Url@1a6207d4
2024-05-25T21:05:12.356-03:00  INFO 133645 --- [shorter-url] [o-auto-1-exec-1] c.g.s.a.a.in.shorter.ShorterUrlService   : Successfully created a new url with com.gabsmoliv.shorterurl.domain.Url@1a6207d4
2024-05-25T21:05:12.356-03:00  INFO 133645 --- [shorter-url] [o-auto-1-exec-1] c.g.s.a.i.w.c.ShorterController          : Request finished with shortened www.instagram.com and shorter url as EUAp3uM
2024-05-25T21:05:12.363-03:00  INFO 133645 --- [shorter-url] [o-auto-1-exec-2] c.g.s.a.i.w.c.ShorterController          : Upcoming request to shorter url: www.facebook.com
2024-05-25T21:05:12.365-03:00  INFO 133645 --- [shorter-url] [o-auto-1-exec-2] .a.o.m.ShortenedUrlRepositoryPortService : Save entity it success com.gabsmoliv.shorterurl.adapter.output.mongodb.entities.UrlEntity@330158f0
2024-05-25T21:05:12.365-03:00  INFO 133645 --- [shorter-url] [o-auto-1-exec-2] c.g.s.a.output.kafka.KafkaClientService  : Starting to sent a event to kafka with com.gabsmoliv.shorterurl.domain.Url@64c5b77e
2024-05-25T21:05:12.365-03:00  INFO 133645 --- [shorter-url] [o-auto-1-exec-2] c.g.s.a.a.in.shorter.ShorterUrlService   : Successfully created a new url with com.gabsmoliv.shorterurl.domain.Url@64c5b77e
2024-05-25T21:05:12.365-03:00  INFO 133645 --- [shorter-url] [o-auto-1-exec-2] c.g.s.a.i.w.c.ShorterController          : Request finished with shortened www.facebook.com and shorter url as RNLbfly
]]></system-out>
  <system-err><![CDATA[]]></system-err>
</testsuite>
